[2020-04-07 14:03:59] START
[2020-04-07 14:56:52] EDIT commons/models/db.py: 14
[2020-04-07 14:57:21] CREATE members.py: 0
[2020-04-07 14:57:29] CREATE divisions.py: 0
[2020-04-07 14:57:50] DELETE commons/controllers/members.py: -1
[2020-04-07 14:57:57] CREATE membres.py: 0
[2020-04-07 14:59:19] EDIT commons/controllers/membres.py: 4
[2020-04-07 15:00:26] EDIT commons/controllers/divisions.py: 6
[2020-04-07 15:00:53] CREATE membres/index.html: 0
[2020-04-07 15:01:15] CREATE membres/liste.html: 0
[2020-04-07 15:02:38] EDIT commons/models/db.py: 0
[2020-04-07 15:03:28] CREATE membres/detail.html: 0
[2020-04-07 15:05:22] CREATE divisions/liste.html: 0
[2020-04-07 15:05:26] CREATE divisions/detail.html: 0
[2020-04-07 15:05:28] CREATE divisions/new.html: 0
[2020-04-07 15:18:20] EDIT commons/controllers/membres.py: 4
[2020-04-07 15:19:09] EDIT commons/controllers/membres.py: 0
[2020-04-07 15:21:02] EDIT commons/views/membres/liste.html: 8
[2020-04-07 15:21:43] EDIT commons/controllers/membres.py: 1
[2020-04-07 15:22:31] EDIT commons/controllers/membres.py: -1
[2020-04-07 15:22:45] EDIT commons/views/membres/liste.html: 0
[2020-04-07 15:22:48] EDIT commons/controllers/membres.py: 0
[2020-04-07 15:23:32] EDIT commons/controllers/membres.py: 0
[2020-04-07 15:23:43] EDIT commons/controllers/membres.py: 0
[2020-04-07 15:25:11] EDIT commons/views/membres/liste.html: 0
[2020-04-07 15:25:33] EDIT commons/views/membres/liste.html: 1
[2020-04-07 15:26:04] EDIT commons/views/membres/liste.html: 0
[2020-04-07 15:26:30] EDIT commons/views/membres/liste.html: 0
[2020-04-07 15:27:49] EDIT commons/controllers/membres.py: 0
[2020-04-07 15:29:06] EDIT commons/views/membres/liste.html: 0
[2020-04-07 15:29:27] EDIT commons/views/membres/liste.html: -1
[2020-04-07 15:29:35] EDIT commons/views/divisions/new.html: -2
[2020-04-07 15:30:20] EDIT commons/views/membres/liste.html: 0
[2020-04-07 15:30:30] EDIT commons/views/membres/liste.html: 0
[2020-04-07 15:31:36] EDIT commons/controllers/membres.py: -2
[2020-04-07 15:32:30] EDIT commons/controllers/membres.py: 0
[2020-04-07 15:33:33] EDIT commons/views/membres/liste.html: 0
[2020-04-07 15:34:03] EDIT commons/views/membres/detail.html: 1
[2020-04-07 15:34:22] EDIT commons/views/membres/detail.html: 0
[2020-04-07 15:34:23] EDIT commons/controllers/membres.py: 0
[2020-04-07 15:35:06] EDIT commons/controllers/membres.py: 0
[2020-04-07 15:38:27] EDIT commons/controllers/membres.py: 0
[2020-04-07 15:38:58] EDIT commons/controllers/membres.py: 0
[2020-04-07 15:39:15] EDIT commons/views/membres/detail.html: 0
[2020-04-07 15:40:03] EDIT commons/controllers/membres.py: 0
[2020-04-07 15:40:08] EDIT commons/views/membres/detail.html: 0
[2020-04-07 15:42:08] EDIT commons/views/membres/detail.html: 0
[2020-04-07 15:42:37] EDIT commons/views/membres/detail.html: 1
[2020-04-07 15:44:41] EDIT commons/controllers/membres.py: 0
[2020-04-07 15:45:03] EDIT commons/controllers/membres.py: 0
[2020-04-07 15:46:05] EDIT commons/controllers/membres.py: 1
[2020-04-07 15:46:08] EDIT commons/controllers/membres.py: 0
[2020-04-07 15:46:56] EDIT commons/controllers/membres.py: 0
[2020-04-07 15:47:16] EDIT commons/controllers/membres.py: 0
[2020-04-07 15:47:23] EDIT commons/views/membres/detail.html: 0
[2020-04-07 15:47:50] EDIT commons/views/membres/detail.html: 1
[2020-04-07 15:47:52] EDIT commons/views/membres/detail.html: 0
[2020-04-07 15:48:34] EDIT commons/controllers/membres.py: 0
[2020-04-07 15:48:54] EDIT commons/views/membres/detail.html: 1
[2020-04-07 15:51:44] EDIT commons/controllers/membres.py: 0
[2020-04-07 15:51:51] EDIT commons/controllers/membres.py: 0
[2020-04-07 15:52:12] EDIT commons/views/membres/detail.html: -1
[2020-04-07 15:52:58] EDIT commons/controllers/membres.py: 0
[2020-04-07 15:53:08] EDIT commons/views/membres/liste.html: 0
[2020-04-07 15:53:34] EDIT commons/views/membres/detail.html: 0
[2020-04-07 15:54:06] EDIT commons/views/membres/detail.html: 0
[2020-04-07 15:54:25] EDIT commons/views/membres/detail.html: 0
[2020-04-07 15:56:13] EDIT commons/views/membres/detail.html: 0
[2020-04-07 15:56:24] EDIT commons/views/membres/detail.html: -1
[2020-04-07 15:56:54] EDIT commons/views/membres/detail.html: -1
[2020-04-07 15:57:18] EDIT commons/views/membres/detail.html: 1
[2020-04-07 15:57:39] EDIT commons/views/membres/detail.html: 0
[2020-04-07 15:58:52] EDIT commons/views/membres/detail.html: 3
[2020-04-07 15:58:55] EDIT commons/views/membres/detail.html: 0
[2020-04-07 16:01:53] EDIT commons/views/membres/liste.html: 0
[2020-04-07 16:03:09] EDIT commons/controllers/divisions.py: 3
[2020-04-07 16:04:32] EDIT commons/views/divisions/liste.html: 7
[2020-04-07 16:04:36] EDIT commons/controllers/divisions.py: 0
[2020-04-07 16:06:38] EDIT commons/views/divisions/detail.html: 3
[2020-04-07 16:06:58] EDIT commons/views/divisions/detail.html: 0
[2020-04-07 16:07:13] EDIT commons/views/divisions/detail.html: 1
[2020-04-10 19:44:51] EDIT commons/views/divisions/new.html: 11
[2020-04-10 19:45:56] EDIT commons/controllers/divisions.py: 0
[2020-04-10 19:47:21] EDIT commons/views/divisions/new.html: 10
[2020-04-10 19:48:33] EDIT commons/views/divisions/new.html: 3
[2020-04-10 19:49:18] CREATE accueil.py: 0
[2020-04-10 19:49:26] CREATE accueil.html: 0
[2020-04-10 19:49:39] EDIT commons/views/accueil.html: -2
[2020-04-10 19:49:46] EDIT commons/controllers/accueil.py: 1
[2020-04-10 19:50:32] DELETE commons/views/accueil.html: -1
[2020-04-10 19:50:44] CREATE accueil/index.html: 0
[2020-04-10 19:52:27] EDIT commons/views/accueil/index.html: 6
[2020-04-10 19:52:28] EDIT commons/views/accueil/index.html: 0
[2020-04-10 19:53:08] EDIT commons/views/accueil/index.html: 1
[2020-04-10 19:53:18] EDIT commons/views/accueil/index.html: 0
[2020-04-10 19:53:28] EDIT commons/views/accueil/index.html: 0
[2020-04-10 19:54:14] EDIT commons/views/divisions/liste.html: 3
[2020-04-10 19:54:20] EDIT commons/views/membres/liste.html: 3
[2020-04-10 20:00:48] EDIT commons/views/divisions/liste.html: 5
[2020-04-10 22:15:21] EDIT commons/views/divisions/new.html: 2
[2020-04-10 22:15:53] EDIT commons/controllers/divisions.py: 6
[2020-04-10 22:15:55] EDIT commons/views/divisions/new.html: 0
[2020-04-10 22:16:27] EDIT commons/controllers/divisions.py: 0
[2020-04-10 23:19:16] EDIT commons/controllers/divisions.py: -5
[2020-04-10 23:19:48] EDIT commons/controllers/divisions.py: -1
[2020-04-10 23:19:53] EDIT commons/controllers/divisions.py: 0
[2020-04-10 23:19:56] EDIT commons/views/divisions/new.html: -1
[2020-04-10 23:28:46] CREATE custom.css: 0
[2020-04-10 23:30:12] EDIT commons/views/layout.html: 1
[2020-04-10 23:30:50] EDIT commons/static/custom.css: 3
[2020-04-10 23:31:09] EDIT commons/static/custom.css: 0
[2020-04-10 23:31:17] EDIT commons/static/custom.css: 0
[2020-04-10 23:33:00] EDIT commons/static/custom.css: 3
[2020-04-10 23:33:18] EDIT commons/static/custom.css: 0
[2020-04-10 23:33:42] EDIT commons/static/custom.css: 3
[2020-04-10 23:34:08] EDIT commons/static/custom.css: 2
[2020-04-10 23:36:38] EDIT commons/static/custom.css: 0
[2020-04-10 23:37:12] EDIT commons/static/custom.css: 2
[2020-04-10 23:37:28] EDIT commons/static/custom.css: 1
[2020-04-10 23:37:56] EDIT commons/static/custom.css: -1
[2020-04-10 23:38:16] EDIT commons/static/custom.css: 1
[2020-04-10 23:38:36] EDIT commons/static/custom.css: 0
[2020-04-10 23:38:43] EDIT commons/static/custom.css: 0
[2020-04-10 23:39:11] EDIT commons/static/custom.css: 1
[2020-04-10 23:39:38] EDIT commons/static/custom.css: 0
[2020-04-10 23:40:11] EDIT commons/static/custom.css: 0
[2020-04-10 23:40:17] EDIT commons/static/custom.css: 0
[2020-04-10 23:40:18] EDIT commons/static/custom.css: 0
[2020-04-10 23:40:18] EDIT commons/static/custom.css: 0
[2020-04-10 23:40:18] EDIT commons/static/custom.css: 0
[2020-04-10 23:44:06] EDIT commons/static/custom.css: 1
[2020-04-10 23:44:14] EDIT commons/static/custom.css: 0
[2020-04-11 00:34:54] EDIT commons/static/custom.css: 1
[2020-04-11 00:35:36] EDIT commons/static/custom.css: 0
[2020-04-11 00:35:49] EDIT commons/static/custom.css: -1
[2020-04-11 00:37:02] EDIT commons/static/custom.css: 0
[2020-04-11 00:37:32] EDIT commons/static/custom.css: 0
[2020-04-13 12:18:38] EDIT commons/static/custom.css: -1
[2020-04-13 12:19:44] EDIT commons/static/custom.css: 0
[2020-04-13 12:19:56] EDIT commons/static/custom.css: -1
[2020-04-13 12:20:12] EDIT commons/static/custom.css: 1
[2020-04-13 12:20:27] EDIT commons/static/custom.css: 1
[2020-04-13 12:20:29] EDIT commons/static/custom.css: 0
[2020-04-13 12:20:32] EDIT commons/static/custom.css: 0
[2020-04-13 12:20:35] EDIT commons/static/custom.css: 0
[2020-04-13 12:20:48] EDIT commons/static/custom.css: 0
[2020-04-13 12:20:56] EDIT commons/static/custom.css: 0
[2020-04-13 12:20:58] EDIT commons/static/custom.css: -1
[2020-04-13 12:22:51] EDIT commons/static/custom.css: -1
[2020-04-13 12:23:13] EDIT commons/static/custom.css: 2
[2020-04-13 12:23:14] EDIT commons/static/custom.css: 0
[2020-04-13 12:23:40] EDIT commons/static/custom.css: 0
[2020-04-13 12:24:03] EDIT commons/static/custom.css: 1
[2020-04-13 12:24:10] EDIT commons/static/custom.css: 0
[2020-04-13 12:25:42] EDIT commons/static/custom.css: 0
[2020-04-13 12:31:19] EDIT commons/views/accueil/index.html: 2
[2020-04-13 12:31:48] EDIT commons/static/custom.css: -1
[2020-04-13 12:32:13] EDIT commons/views/accueil/index.html: 2
[2020-04-13 12:33:06] EDIT commons/static/custom.css: 3
[2020-04-13 12:34:26] EDIT commons/static/custom.css: -1
[2020-04-13 12:35:16] EDIT commons/static/custom.css: 6
[2020-04-13 12:36:11] EDIT commons/static/custom.css: 2
[2020-04-13 12:36:32] EDIT commons/static/custom.css: -6
[2020-04-13 12:36:40] EDIT commons/static/custom.css: -5
[2020-04-13 12:37:11] EDIT commons/static/custom.css: 1
[2020-04-13 12:37:54] EDIT commons/static/custom.css: 0
[2020-04-13 12:38:05] EDIT commons/static/custom.css: 0
[2020-04-13 12:39:18] EDIT commons/static/custom.css: 1
[2020-04-13 12:40:04] EDIT commons/static/custom.css: -1
[2020-04-13 12:40:20] EDIT commons/static/custom.css: -1
[2020-04-13 12:40:37] EDIT commons/static/custom.css: 1
[2020-04-13 12:40:43] EDIT commons/static/custom.css: 0
[2020-04-13 12:40:54] EDIT commons/static/custom.css: 0
[2020-04-13 12:41:23] EDIT commons/views/accueil/index.html: 0
[2020-04-13 12:41:37] EDIT commons/views/accueil/index.html: 0
[2020-04-13 12:41:43] EDIT commons/static/custom.css: 0
[2020-04-13 12:43:26] EDIT commons/static/custom.css: 4
[2020-04-13 12:43:29] EDIT commons/static/custom.css: 0
[2020-04-13 12:43:49] EDIT commons/static/custom.css: 2
[2020-04-13 12:44:40] EDIT commons/static/custom.css: -6
[2020-04-13 12:44:52] EDIT commons/static/custom.css: 0
[2020-04-13 12:46:35] EDIT commons/static/custom.css: 1
[2020-04-13 12:46:58] EDIT commons/static/custom.css: 2
[2020-04-13 12:47:10] EDIT commons/static/custom.css: 1
[2020-04-13 12:47:15] EDIT commons/static/custom.css: -1
[2020-04-13 12:47:21] EDIT commons/static/custom.css: 1
[2020-04-13 12:47:29] EDIT commons/static/custom.css: 0
[2020-04-13 12:47:41] EDIT commons/static/custom.css: 0
[2020-04-13 12:48:00] EDIT commons/static/custom.css: 1
[2020-04-13 12:48:29] EDIT commons/views/accueil/index.html: 0
[2020-04-13 12:48:34] EDIT commons/static/custom.css: -1
[2020-04-13 12:48:56] EDIT commons/static/custom.css: -7
[2020-04-13 12:50:09] EDIT commons/views/accueil/index.html: 0
[2020-04-13 12:50:36] EDIT commons/static/custom.css: -10
[2020-04-13 12:50:48] EDIT commons/static/custom.css: 3
[2020-04-13 12:50:57] EDIT commons/static/custom.css: 1
[2020-04-13 12:51:30] EDIT commons/views/accueil/index.html: 0
[2020-04-13 12:51:46] EDIT commons/static/custom.css: 3
[2020-04-13 12:54:30] EDIT commons/views/accueil/index.html: 0
[2020-04-13 12:55:10] EDIT commons/static/custom.css: 3
[2020-04-13 12:55:26] EDIT commons/static/custom.css: 1
[2020-04-13 12:55:33] EDIT commons/static/custom.css: 0
[2020-04-13 12:55:44] EDIT commons/static/custom.css: 0
[2020-04-13 12:55:51] EDIT commons/static/custom.css: 0
[2020-04-13 12:58:01] EDIT commons/views/accueil/index.html: 0
[2020-04-13 13:00:30] EDIT commons/views/accueil/index.html: 0
[2020-04-13 13:12:39] EDIT commons/views/layout.html: 1
[2020-04-13 13:12:59] EDIT commons/views/accueil/index.html: 0
[2020-04-13 13:13:19] EDIT commons/views/accueil/index.html: 0
[2020-04-13 13:13:56] EDIT commons/views/accueil/index.html: 0
[2020-04-13 13:14:39] EDIT commons/controllers/membres.py: -1
[2020-04-13 13:15:59] EDIT commons/views/membres/liste.html: 2
[2020-04-13 13:16:27] EDIT commons/views/membres/liste.html: 0
[2020-04-13 13:17:01] EDIT commons/views/layout.html: -1
[2020-04-13 13:18:29] EDIT commons/views/accueil/index.html: 0
[2020-04-13 13:20:10] EDIT commons/views/membres/liste.html: 3
[2020-04-13 13:20:52] EDIT commons/views/layout.html: 1
[2020-04-13 13:20:58] EDIT commons/views/accueil/index.html: 0
[2020-04-13 13:21:05] EDIT commons/views/membres/liste.html: -3
[2020-04-13 13:21:40] EDIT commons/views/membres/liste.html: 0
[2020-04-13 13:21:44] EDIT commons/views/membres/liste.html: 0
[2020-04-13 13:21:55] EDIT commons/static/custom.css: 0
[2020-04-13 13:29:00] EDIT commons/views/membres/liste.html: 7
[2020-04-13 13:29:23] EDIT commons/views/membres/liste.html: 0
[2020-04-13 13:30:17] EDIT commons/views/membres/liste.html: -1
[2020-04-13 13:31:01] EDIT commons/views/membres/liste.html: 0
[2020-04-13 13:31:08] EDIT commons/views/membres/liste.html: 0
[2020-04-13 13:32:04] EDIT commons/static/custom.css: 3
[2020-04-13 13:32:38] EDIT commons/views/membres/liste.html: 0
[2020-04-13 13:32:58] EDIT commons/views/membres/liste.html: 0
[2020-04-13 13:33:30] EDIT commons/static/custom.css: 4
[2020-04-13 13:36:13] EDIT commons/views/membres/liste.html: 0
[2020-04-13 13:39:09] EDIT commons/views/membres/liste.html: 4
[2020-04-13 13:39:23] EDIT commons/views/membres/liste.html: 0
[2020-04-13 13:41:14] EDIT commons/views/membres/liste.html: 0
[2020-04-13 13:41:24] EDIT commons/views/membres/liste.html: 0
[2020-04-13 13:41:28] EDIT commons/views/membres/liste.html: 0
[2020-04-13 13:41:35] EDIT commons/views/membres/liste.html: 0
[2020-04-13 13:41:58] EDIT commons/views/membres/liste.html: 0
[2020-04-13 13:42:19] EDIT commons/views/membres/liste.html: 0
[2020-04-13 13:42:57] EDIT commons/views/membres/liste.html: 0
[2020-04-13 13:47:11] EDIT commons/views/membres/liste.html: 1
[2020-04-13 13:47:17] EDIT commons/views/membres/liste.html: 0
[2020-04-13 13:47:34] EDIT commons/views/membres/liste.html: 0
[2020-04-13 13:48:07] EDIT commons/views/membres/liste.html: -1
[2020-04-13 13:48:22] EDIT commons/static/custom.css: 1
[2020-04-13 13:48:32] EDIT commons/static/custom.css: 0
[2020-04-13 13:48:53] EDIT commons/static/custom.css: 1
[2020-04-13 13:49:11] EDIT commons/static/custom.css: 0
[2020-04-13 13:53:56] EDIT commons/views/divisions/liste.html: 0
[2020-04-13 13:54:41] EDIT commons/views/divisions/liste.html: 4
[2020-04-13 13:54:49] EDIT commons/views/divisions/liste.html: 0
[2020-04-13 13:55:33] EDIT commons/views/divisions/liste.html: 0
[2020-04-13 13:58:09] EDIT commons/views/divisions/liste.html: 15
[2020-04-13 13:58:36] EDIT commons/views/divisions/liste.html: 2
[2020-04-13 13:59:08] EDIT commons/views/divisions/liste.html: 0
[2020-04-13 13:59:17] EDIT commons/views/divisions/liste.html: 0
[2020-04-13 13:59:26] EDIT commons/views/divisions/liste.html: 0
[2020-04-13 13:59:30] EDIT commons/views/divisions/liste.html: -1
[2020-04-13 13:59:58] EDIT commons/views/divisions/liste.html: 0
[2020-04-13 14:00:44] EDIT commons/static/custom.css: 5
[2020-04-13 14:00:52] EDIT commons/static/custom.css: 0
[2020-04-13 14:01:05] EDIT commons/views/divisions/liste.html: -10
[2020-04-13 14:03:32] EDIT commons/views/divisions/liste.html: 0
[2020-04-13 14:03:45] EDIT commons/views/divisions/liste.html: 1
[2020-04-13 14:03:55] EDIT commons/views/divisions/liste.html: 0
[2020-04-13 14:04:57] EDIT commons/views/divisions/liste.html: 7
[2020-04-13 14:05:54] EDIT commons/views/divisions/liste.html: 0
[2020-04-13 14:06:01] EDIT commons/views/divisions/liste.html: 0
[2020-04-13 14:06:19] EDIT commons/views/divisions/liste.html: 0
[2020-04-13 14:07:07] EDIT commons/views/divisions/liste.html: 2
[2020-04-13 14:07:36] EDIT commons/views/divisions/liste.html: 0
[2020-04-13 14:08:14] EDIT commons/views/divisions/liste.html: 0
[2020-04-13 14:09:14] EDIT commons/views/divisions/liste.html: -2
[2020-04-13 14:09:21] EDIT commons/views/divisions/liste.html: 0
[2020-04-13 14:15:50] EDIT commons/views/divisions/liste.html: 2
[2020-04-13 14:18:28] EDIT commons/views/divisions/liste.html: 3
[2020-04-13 14:19:20] EDIT commons/views/divisions/liste.html: 0
[2020-04-13 14:19:58] EDIT commons/views/divisions/liste.html: 0
[2020-04-13 14:20:16] EDIT commons/views/divisions/liste.html: 0
[2020-04-13 14:20:51] EDIT commons/static/custom.css: 3
[2020-04-14 13:10:20] EDIT commons/views/default/index.html: 3
[2020-04-14 13:10:45] EDIT commons/views/default/index.html: 0
[2020-04-14 13:10:52] EDIT commons/views/default/index.html: 0
[2020-04-14 13:12:05] EDIT commons/views/membres/liste.html: 2
[2020-04-14 13:12:46] EDIT commons/views/divisions/liste.html: 2
[2020-04-14 13:14:05] EDIT commons/views/membres/liste.html: 0
[2020-04-14 13:28:51] EDIT commons/views/divisions/detail.html: 3
[2020-04-14 13:29:17] EDIT commons/controllers/divisions.py: 1
[2020-04-14 13:29:18] EDIT commons/views/divisions/detail.html: 0
[2020-04-14 13:30:19] EDIT commons/controllers/divisions.py: 0
[2020-04-14 13:35:20] EDIT commons/controllers/divisions.py: 1
[2020-04-14 13:35:29] EDIT commons/views/divisions/detail.html: 3
[2020-04-14 13:35:32] EDIT commons/views/divisions/detail.html: 0
[2020-04-14 13:37:00] EDIT commons/controllers/divisions.py: 0
[2020-04-14 13:37:27] EDIT commons/controllers/divisions.py: 0
[2020-04-14 13:37:34] EDIT commons/controllers/divisions.py: 0
[2020-04-14 13:37:44] EDIT commons/controllers/divisions.py: -1
[2020-04-14 13:37:55] EDIT commons/controllers/divisions.py: 0
[2020-04-14 13:37:59] EDIT commons/views/divisions/detail.html: -3
[2020-04-14 13:39:47] EDIT commons/controllers/membres.py: 1
[2020-04-14 13:40:03] EDIT commons/views/membres/detail.html: 3
[2020-04-14 13:40:50] EDIT commons/controllers/membres.py: 1
[2020-04-14 13:40:59] EDIT commons/views/divisions/detail.html: 3
[2020-04-14 13:41:06] EDIT commons/views/divisions/detail.html: 0
[2020-04-14 13:41:12] EDIT commons/views/divisions/detail.html: -3
[2020-04-14 13:41:16] EDIT commons/views/membres/detail.html: 3
[2020-04-14 13:41:18] EDIT commons/controllers/membres.py: 0
[2020-04-14 13:48:54] EDIT commons/controllers/membres.py: 1
[2020-04-14 13:49:08] EDIT commons/views/membres/detail.html: 3
[2020-04-14 13:49:35] EDIT commons/controllers/membres.py: 0
[2020-04-14 13:50:22] EDIT commons/controllers/membres.py: 0
[2020-04-14 13:50:29] EDIT commons/controllers/membres.py: 0
[2020-04-14 13:51:11] EDIT commons/controllers/membres.py: 0
[2020-04-14 13:51:44] EDIT commons/controllers/membres.py: -1
[2020-04-14 13:51:53] EDIT commons/views/membres/detail.html: -3
[2020-04-14 13:53:32] EDIT commons/controllers/membres.py: 0
[2020-04-14 13:53:54] EDIT commons/controllers/membres.py: 0
[2020-04-14 13:54:37] EDIT commons/controllers/membres.py: 5
[2020-04-14 13:55:55] EDIT commons/views/membres/detail.html: 5
[2020-04-14 13:56:18] EDIT commons/views/membres/detail.html: 0
[2020-04-14 13:56:39] EDIT commons/views/membres/detail.html: 0
[2020-04-14 13:57:45] EDIT commons/views/membres/detail.html: -1
[2020-04-14 13:59:58] EDIT commons/views/membres/detail.html: 0
[2020-04-14 14:00:30] EDIT commons/views/membres/detail.html: 2
[2020-04-14 14:01:20] EDIT commons/views/membres/detail.html: 4
[2020-04-14 14:01:30] EDIT commons/static/custom.css: 0
[2020-04-14 14:03:11] EDIT commons/views/membres/detail.html: 1
[2020-04-14 14:03:14] EDIT commons/views/membres/detail.html: -3
[2020-04-14 14:03:25] EDIT commons/views/membres/detail.html: 0
[2020-04-14 14:04:07] EDIT commons/views/membres/detail.html: 0
[2020-04-14 14:09:12] EDIT commons/views/membres/detail.html: 22
[2020-04-14 14:09:46] EDIT commons/views/membres/detail.html: 0
[2020-04-14 14:10:40] EDIT commons/views/membres/detail.html: -5
[2020-04-14 14:12:31] EDIT commons/views/membres/detail.html: 5
[2020-04-14 14:12:54] EDIT commons/views/membres/detail.html: 0
[2020-04-14 14:13:43] EDIT commons/views/membres/detail.html: -5
[2020-04-14 14:13:52] EDIT commons/views/membres/detail.html: 5
[2020-04-14 14:14:04] EDIT commons/views/membres/detail.html: 0
[2020-04-14 14:14:44] EDIT commons/views/membres/detail.html: -3
[2020-04-14 14:15:04] EDIT commons/views/membres/detail.html: 0
[2020-04-14 14:16:24] EDIT commons/views/membres/detail.html: -1
[2020-04-14 14:16:40] EDIT commons/static/custom.css: 0
[2020-04-14 14:17:39] EDIT commons/views/membres/detail.html: 5
[2020-04-14 14:17:49] EDIT commons/views/membres/detail.html: 0
[2020-04-14 14:18:02] EDIT commons/views/membres/detail.html: 0
[2020-04-14 14:19:30] EDIT commons/views/divisions/detail.html: 5
[2020-04-14 14:19:53] EDIT commons/views/divisions/detail.html: 0
[2020-04-14 14:20:22] EDIT commons/views/divisions/detail.html: 1
[2020-04-14 14:20:25] EDIT commons/views/divisions/detail.html: -2
[2020-04-14 14:22:03] EDIT commons/controllers/membres.py: -1
[2020-04-14 14:22:11] EDIT commons/controllers/membres.py: 0
[2020-04-14 14:22:30] EDIT commons/controllers/membres.py: 1
[2020-04-14 14:23:31] EDIT commons/controllers/divisions.py: 4
[2020-04-14 14:23:38] EDIT commons/controllers/divisions.py: 0
[2020-04-14 14:25:54] EDIT commons/views/divisions/detail.html: 29
[2020-04-14 14:26:29] EDIT commons/views/divisions/detail.html: -3
[2020-04-14 14:26:34] EDIT commons/views/divisions/detail.html: 3
[2020-04-14 14:26:53] EDIT commons/controllers/divisions.py: 1
[2020-04-14 14:27:05] EDIT commons/views/divisions/detail.html: -3
[2020-04-14 14:27:44] EDIT commons/views/divisions/detail.html: 2
[2020-04-14 14:28:21] EDIT commons/views/divisions/detail.html: 0
[2020-04-14 14:29:56] EDIT commons/controllers/accueil.py: 1
[2020-04-14 14:30:29] EDIT commons/controllers/accueil.py: 1
[2020-04-14 14:31:26] EDIT commons/views/accueil/index.html: 6
[2020-04-14 14:31:35] EDIT commons/controllers/accueil.py: 0
[2020-04-14 14:31:39] EDIT commons/views/accueil/index.html: 0
[2020-04-14 14:33:03] EDIT commons/views/accueil/index.html: 2
[2020-04-14 14:33:19] EDIT commons/static/custom.css: 3
[2020-04-14 14:33:31] EDIT commons/static/custom.css: 0
[2020-04-14 14:33:45] EDIT commons/static/custom.css: 1
[2020-04-14 14:34:08] EDIT commons/views/accueil/index.html: 0
[2020-04-14 14:34:23] EDIT commons/views/accueil/index.html: 0
[2020-04-14 14:34:43] EDIT commons/static/custom.css: -4
[2020-04-14 14:35:07] EDIT commons/views/accueil/index.html: 0
[2020-04-14 14:35:16] EDIT commons/views/accueil/index.html: -6
[2020-04-14 14:41:51] EDIT commons/static/custom.css: 0
[2020-04-14 14:45:30] EDIT commons/controllers/divisions.py: 0
[2020-04-14 14:51:58] EDIT commons/controllers/divisions.py: 0
[2020-04-14 14:52:25] EDIT commons/views/divisions/liste.html: 0
[2020-04-14 14:53:50] EDIT commons/views/divisions/liste.html: 0
[2020-04-14 14:54:29] EDIT commons/views/divisions/liste.html: 0
[2020-04-14 14:59:00] EDIT commons/static/custom.css: 0
[2020-04-14 15:09:08] EDIT commons/views/divisions/detail.html: 0
[2020-04-14 15:09:12] EDIT commons/views/membres/detail.html: 0
[2020-04-14 15:09:58] EDIT commons/controllers/divisions.py: 0
[2020-04-14 15:12:53] EDIT commons/views/membres/detail.html: 0
[2020-04-14 15:13:07] EDIT commons/views/divisions/liste.html: 0
[2020-04-14 15:13:16] EDIT commons/controllers/divisions.py: 0
[2020-04-14 15:24:10] EDIT commons/controllers/membres.py: 1
[2020-04-14 15:36:07] EDIT commons/controllers/divisions.py: 2
[2020-04-14 15:36:19] EDIT commons/controllers/divisions.py: 0
[2020-04-14 15:36:50] EDIT commons/views/divisions/detail.html: 1
[2020-04-14 15:37:00] EDIT commons/controllers/divisions.py: 0
[2020-04-14 15:37:22] EDIT commons/controllers/divisions.py: 0
[2020-04-14 15:37:43] EDIT commons/views/divisions/detail.html: 0
[2020-04-14 15:38:21] EDIT commons/controllers/divisions.py: 0
[2020-04-14 15:38:27] EDIT commons/controllers/divisions.py: 0
[2020-04-14 15:38:54] EDIT commons/controllers/divisions.py: 0
[2020-04-14 15:40:39] EDIT commons/controllers/divisions.py: 0
[2020-04-14 15:49:58] EDIT commons/controllers/divisions.py: 9
[2020-04-14 15:50:12] EDIT commons/views/divisions/new.html: 8
[2020-04-14 15:58:54] EDIT commons/controllers/divisions.py: 3
[2020-04-14 16:00:32] EDIT commons/controllers/divisions.py: 2
[2020-04-14 16:00:46] EDIT commons/controllers/divisions.py: 0
[2020-04-14 16:06:40] EDIT commons/views/divisions/new.html: 0
[2020-04-14 16:06:54] EDIT commons/views/divisions/new.html: -2
[2020-04-14 16:09:40] EDIT commons/controllers/divisions.py: -3
[2020-04-14 16:10:05] EDIT commons/views/divisions/new.html: 2
[2020-04-14 16:13:25] EDIT commons/controllers/divisions.py: 3
[2020-04-14 16:13:32] EDIT commons/views/divisions/new.html: -2
[2020-04-14 16:14:51] EDIT commons/controllers/divisions.py: -13
[2020-04-14 16:15:15] EDIT commons/views/divisions/new.html: -2
[2020-04-14 16:33:42] EDIT commons/views/divisions/liste.html: 2
[2020-04-14 16:35:05] EDIT commons/controllers/divisions.py: 3
[2020-04-14 16:37:38] EDIT commons/views/divisions/liste.html: -2
[2020-04-14 16:46:47] EDIT commons/static/custom.css: 7
[2020-04-14 16:47:36] EDIT commons/views/divisions/detail.html: 6
[2020-04-14 16:48:27] EDIT commons/static/custom.css: 0
[2020-04-14 16:49:00] EDIT commons/static/custom.css: 0
[2020-04-14 16:49:19] EDIT commons/static/custom.css: 0
[2020-04-14 16:50:50] EDIT commons/static/custom.css: 8
[2020-04-14 16:52:14] EDIT commons/static/custom.css: 9
[2020-04-14 16:53:16] EDIT commons/static/custom.css: -1
[2020-04-14 16:53:48] EDIT commons/static/custom.css: 0
[2020-04-14 16:54:03] EDIT commons/static/custom.css: 1
[2020-04-14 16:54:29] EDIT commons/static/custom.css: 0
[2020-04-14 16:55:24] EDIT commons/views/divisions/detail.html: 0
[2020-04-14 16:55:39] EDIT commons/static/custom.css: -1
[2020-04-14 16:55:55] EDIT commons/views/divisions/detail.html: -1
[2020-04-14 16:56:04] EDIT commons/static/custom.css: 1
[2020-04-14 16:58:17] EDIT commons/static/custom.css: 1
[2020-04-14 16:59:01] EDIT commons/static/custom.css: 1
[2020-04-14 16:59:54] EDIT commons/static/custom.css: 0
[2020-04-14 17:00:30] EDIT commons/static/custom.css: 0
[2020-04-14 17:01:13] EDIT commons/static/custom.css: 0
[2020-04-14 17:01:40] EDIT commons/static/custom.css: 0
[2020-04-14 17:03:55] EDIT commons/static/custom.css: 0
[2020-04-14 17:04:11] EDIT commons/static/custom.css: 0
[2020-04-14 17:04:19] EDIT commons/static/custom.css: 0
[2020-04-14 17:05:07] EDIT commons/static/custom.css: 1
[2020-04-14 17:05:42] EDIT commons/static/custom.css: 0
[2020-04-14 17:05:56] EDIT commons/views/divisions/detail.html: 0
[2020-04-14 17:06:03] EDIT commons/views/divisions/detail.html: 0
[2020-04-14 17:07:23] EDIT commons/static/custom.css: 0
[2020-04-14 17:07:29] EDIT commons/static/custom.css: 0
[2020-04-14 17:07:46] EDIT commons/static/custom.css: 0
[2020-04-14 17:08:10] EDIT commons/views/divisions/detail.html: 0
[2020-04-14 17:08:18] EDIT commons/views/divisions/detail.html: 0
[2020-04-14 17:08:24] EDIT commons/views/divisions/detail.html: 0
[2020-04-14 17:08:32] EDIT commons/views/divisions/detail.html: 0
[2020-04-14 17:10:21] EDIT commons/static/custom.css: 6
[2020-04-14 17:10:22] EDIT commons/static/custom.css: 0
[2020-04-14 17:10:28] EDIT commons/static/custom.css: 0
[2020-04-14 17:11:26] EDIT commons/static/custom.css: 0
[2020-04-14 17:11:31] EDIT commons/static/custom.css: 0
[2020-04-14 17:11:51] EDIT commons/views/divisions/detail.html: 0
[2020-04-14 17:12:08] EDIT commons/views/divisions/detail.html: 0
[2020-04-14 17:12:55] EDIT commons/static/custom.css: 0
[2020-04-14 17:13:00] EDIT commons/views/divisions/detail.html: 0
[2020-04-14 17:14:23] EDIT commons/static/custom.css: 0
[2020-04-14 17:15:46] EDIT commons/views/divisions/detail.html: 0
[2020-04-14 17:16:05] EDIT commons/static/custom.css: 0
[2020-04-14 17:16:15] EDIT commons/views/divisions/detail.html: 0
[2020-04-14 17:17:44] EDIT commons/views/divisions/detail.html: 1
[2020-04-14 17:18:46] EDIT commons/static/custom.css: 1
[2020-04-14 17:21:22] EDIT commons/static/custom.css: 2
[2020-04-14 17:22:27] EDIT commons/views/divisions/detail.html: 2
[2020-04-14 17:23:53] EDIT commons/static/custom.css: -1
[2020-04-14 17:24:29] EDIT commons/views/divisions/detail.html: -2
[2020-04-14 17:25:54] EDIT commons/controllers/divisions.py: 3
[2020-04-14 17:26:34] EDIT commons/views/divisions/detail.html: 0
[2020-04-14 17:28:07] EDIT commons/controllers/divisions.py: 0
[2020-04-14 17:28:09] EDIT commons/views/divisions/detail.html: 0
[2020-04-14 17:29:05] EDIT commons/controllers/divisions.py: 0
[2020-04-14 17:29:34] EDIT commons/controllers/divisions.py: 0
[2020-04-14 17:31:01] EDIT commons/controllers/divisions.py: 6
[2020-04-14 17:31:35] EDIT commons/views/divisions/detail.html: 0
[2020-04-14 17:32:00] EDIT commons/views/divisions/detail.html: 0
[2020-04-14 17:32:27] EDIT commons/views/divisions/detail.html: 0
[2020-04-14 17:33:13] EDIT commons/controllers/divisions.py: 0
[2020-04-14 17:33:54] EDIT commons/controllers/divisions.py: 0
[2020-04-14 17:34:08] EDIT commons/controllers/divisions.py: 0
[2020-04-14 17:34:19] EDIT commons/controllers/divisions.py: 0
[2020-04-14 17:34:31] EDIT commons/controllers/divisions.py: 0
[2020-04-14 17:34:46] EDIT commons/views/divisions/detail.html: 1
[2020-04-14 17:36:38] EDIT commons/views/divisions/detail.html: 0
[2020-04-14 17:36:44] EDIT commons/views/divisions/detail.html: 0
[2020-04-14 17:37:02] EDIT commons/views/divisions/detail.html: 0
[2020-04-14 17:37:20] EDIT commons/controllers/divisions.py: 0
[2020-04-14 17:39:48] EDIT commons/controllers/divisions.py: 0
[2020-04-14 17:41:06] EDIT commons/controllers/divisions.py: 0
[2020-04-14 17:41:20] EDIT commons/controllers/divisions.py: 0
[2020-04-14 17:42:20] EDIT commons/controllers/divisions.py: 0
[2020-04-14 17:42:56] EDIT commons/views/divisions/detail.html: -3
[2020-04-14 17:43:29] EDIT commons/static/custom.css: 3
[2020-04-14 17:43:37] EDIT commons/static/custom.css: -3
[2020-04-14 17:44:57] EDIT commons/static/custom.css: 1
[2020-04-14 17:45:14] EDIT commons/static/custom.css: 0
[2020-04-14 17:45:22] EDIT commons/static/custom.css: 0
[2020-04-14 17:47:37] EDIT commons/controllers/divisions.py: 4
[2020-04-14 17:48:58] EDIT commons/static/custom.css: 1
[2020-04-14 17:50:16] EDIT commons/views/divisions/detail.html: 0
[2020-04-14 17:50:39] EDIT commons/static/custom.css: 0
[2020-04-14 17:50:44] EDIT commons/static/custom.css: 0
[2020-04-14 17:50:50] EDIT commons/static/custom.css: 0
[2020-04-14 17:51:33] EDIT commons/views/divisions/detail.html: 0
[2020-04-14 17:52:26] EDIT commons/views/divisions/detail.html: 0
[2020-04-14 17:52:47] EDIT commons/static/custom.css: 1
[2020-04-14 17:53:07] EDIT commons/static/custom.css: 3
[2020-04-14 17:55:21] EDIT commons/controllers/divisions.py: 0
[2020-04-14 17:55:40] EDIT commons/views/divisions/detail.html: 4
[2020-04-14 17:56:09] EDIT commons/views/divisions/detail.html: 0
[2020-04-14 17:57:39] EDIT commons/static/custom.css: 12
[2020-04-14 17:57:56] EDIT commons/static/custom.css: 1
[2020-04-14 17:58:11] EDIT commons/static/custom.css: 0
[2020-04-14 17:58:14] EDIT commons/static/custom.css: 0
[2020-04-14 18:01:00] EDIT commons/views/divisions/detail.html: 0
[2020-04-14 18:10:05] EDIT commons/views/divisions/detail.html: 28
[2020-04-14 18:11:17] EDIT commons/views/layout.html: 1
[2020-04-14 18:12:20] EDIT commons/views/divisions/detail.html: -8
[2020-04-14 18:12:35] EDIT commons/views/divisions/detail.html: 0
[2020-04-14 18:12:45] EDIT commons/views/divisions/detail.html: 0
[2020-04-14 18:13:01] EDIT commons/views/divisions/detail.html: 0
[2020-04-14 18:13:15] EDIT commons/views/divisions/detail.html: 0
[2020-04-14 18:14:03] EDIT commons/views/divisions/detail.html: 0
[2020-04-14 18:14:51] EDIT commons/views/divisions/detail.html: 0
[2020-04-14 18:15:04] EDIT commons/views/divisions/detail.html: 0
[2020-04-14 18:15:06] EDIT commons/views/divisions/detail.html: 0
[2020-04-14 18:15:46] EDIT commons/static/custom.css: -54
[2020-04-14 18:15:52] EDIT commons/views/divisions/detail.html: 0
[2020-04-14 18:16:09] EDIT commons/static/custom.css: 3
[2020-04-14 18:16:24] EDIT commons/static/custom.css: 0
[2020-04-14 18:16:41] EDIT commons/static/custom.css: 0
[2020-04-14 18:17:02] EDIT commons/views/divisions/detail.html: 0
[2020-04-14 18:17:28] EDIT commons/static/custom.css: 0
[2020-04-14 18:18:17] EDIT commons/static/custom.css: 0
[2020-04-14 18:18:30] EDIT commons/static/custom.css: 0
[2020-04-14 18:18:39] EDIT commons/static/custom.css: 0
[2020-04-14 18:18:49] EDIT commons/static/custom.css: 0
[2020-04-14 18:18:59] EDIT commons/static/custom.css: 0
[2020-04-14 18:19:15] EDIT commons/views/divisions/detail.html: 0
[2020-04-14 18:19:34] EDIT commons/views/divisions/detail.html: 0
[2020-04-14 18:20:24] EDIT commons/views/divisions/detail.html: 0
[2020-04-14 18:21:22] EDIT commons/views/divisions/detail.html: 0
[2020-04-14 18:23:08] EDIT commons/views/divisions/detail.html: 0
[2020-04-14 18:23:10] EDIT commons/views/divisions/detail.html: 0
[2020-04-14 18:23:33] EDIT commons/views/divisions/detail.html: 0
[2020-04-19 20:34:05] EDIT commons/models/db.py: 2
[2020-04-19 20:39:18] EDIT commons/controllers/accueil.py: 0
[2020-04-19 20:39:30] EDIT commons/controllers/accueil.py: 0
[2020-04-19 20:40:16] EDIT commons/controllers/divisions.py: -6
[2020-04-19 21:34:50] EDIT commons/controllers/divisions.py: -7
[2020-04-19 21:37:52] EDIT commons/controllers/membres.py: 0
[2020-04-19 21:38:16] EDIT commons/models/db.py: 0
[2020-04-19 21:42:19] EDIT commons/controllers/accueil.py: 0
[2020-04-19 21:43:15] EDIT commons/views/accueil/index.html: 0
[2020-04-19 21:44:46] EDIT commons/controllers/divisions.py: -5
[2020-04-19 21:46:13] EDIT commons/models/db.py: -1
[2020-04-19 21:50:44] EDIT commons/models/db.py: 0
[2020-04-19 21:51:32] EDIT commons/controllers/divisions.py: 0
[2020-04-19 21:52:20] EDIT commons/views/divisions/detail.html: 0
[2020-04-19 21:52:56] EDIT commons/views/divisions/detail.html: -27
[2020-04-19 21:54:14] EDIT commons/views/divisions/detail.html: -4
[2020-04-19 21:54:43] EDIT commons/views/divisions/liste.html: 0
[2020-04-19 21:57:06] EDIT commons/controllers/divisions.py: 1
[2020-04-19 21:57:52] EDIT commons/controllers/divisions.py: 0
[2020-04-19 21:57:55] EDIT commons/views/divisions/liste.html: 0
[2020-04-19 22:00:12] EDIT commons/views/membres/liste.html: 1
[2020-04-19 22:00:40] EDIT commons/controllers/membres.py: 1
[2020-04-19 22:00:44] EDIT commons/controllers/membres.py: 0
[2020-04-19 22:00:47] EDIT commons/controllers/divisions.py: 0
[2020-04-19 22:01:06] EDIT commons/controllers/divisions.py: 0
[2020-04-19 22:01:09] EDIT commons/controllers/membres.py: 0
[2020-04-19 22:01:30] EDIT commons/views/membres/liste.html: 0
[2020-04-19 22:04:09] EDIT commons/views/membres/liste.html: 0
[2020-04-19 22:05:34] EDIT commons/views/membres/liste.html: 0
[2020-04-19 22:05:47] EDIT commons/views/membres/liste.html: 0
[2020-04-19 22:05:49] EDIT commons/controllers/membres.py: 0
[2020-04-19 22:06:17] EDIT commons/views/membres/liste.html: 0
[2020-04-19 22:06:31] EDIT commons/views/membres/liste.html: 0
[2020-04-19 22:06:52] EDIT commons/views/membres/liste.html: 0
[2020-04-19 22:06:57] EDIT commons/views/membres/liste.html: 0
[2020-04-19 22:07:55] EDIT commons/views/membres/liste.html: 0
[2020-04-19 22:10:37] EDIT commons/views/membres/liste.html: 0
[2020-04-19 22:10:53] EDIT commons/views/membres/liste.html: 1
[2020-04-19 22:11:00] EDIT commons/views/membres/liste.html: 0
[2020-04-22 23:45:34] EDIT commons/models/db.py: -3
[2020-04-23 00:17:40] EDIT commons/controllers/membres.py: 0
[2020-04-23 00:19:55] EDIT commons/controllers/membres.py: 0
[2020-04-23 00:20:17] EDIT commons/views/membres/detail.html: 0
[2020-04-23 00:21:13] EDIT commons/views/membres/liste.html: -1
[2020-04-23 00:21:48] EDIT commons/controllers/membres.py: 0
[2020-04-23 00:22:19] EDIT commons/controllers/membres.py: 0
[2020-04-23 00:27:21] EDIT commons/views/divisions/new.html: 2
[2020-04-23 00:28:53] EDIT commons/views/divisions/new.html: 2
[2020-04-23 00:32:05] EDIT commons/controllers/divisions.py: 3
[2020-04-23 00:32:29] EDIT commons/views/divisions/new.html: -24
[2020-04-23 00:38:05] EDIT commons/controllers/divisions.py: 2
[2020-04-23 00:41:34] EDIT commons/controllers/divisions.py: 0
[2020-04-23 00:47:50] EDIT commons/controllers/divisions.py: 1
[2020-04-23 00:48:15] EDIT commons/controllers/divisions.py: 0
[2020-04-23 01:14:43] EDIT commons/controllers/divisions.py: 2
[2020-04-23 01:21:24] EDIT commons/views/membres/liste.html: -1
[2020-04-23 01:21:56] EDIT commons/controllers/accueil.py: 0
[2020-04-23 01:34:27] EDIT commons/controllers/divisions.py: 2
[2020-04-23 01:42:13] EDIT commons/controllers/divisions.py: -1
[2020-04-23 01:43:43] EDIT commons/views/divisions/detail.html: 0
[2020-04-23 01:43:59] EDIT commons/views/divisions/detail.html: 0
[2020-04-23 01:44:16] EDIT commons/views/membres/detail.html: 0
[2020-04-23 01:44:30] EDIT commons/controllers/divisions.py: 0
[2020-04-23 01:44:31] EDIT commons/views/divisions/detail.html: 0
[2020-04-23 01:44:34] EDIT commons/controllers/accueil.py: 0
[2020-04-23 01:44:36] EDIT commons/views/divisions/new.html: 0
[2020-04-23 01:44:36] EDIT commons/controllers/divisions.py: 0
[2020-04-23 01:44:38] EDIT commons/views/membres/detail.html: 0
[2020-04-23 01:44:38] EDIT commons/views/membres/liste.html: 0
[2020-04-23 01:44:40] EDIT commons/controllers/membres.py: 0
[2020-04-23 01:48:13] EDIT commons/views/divisions/detail.html: 0
[2020-04-23 01:49:56] EDIT commons/views/divisions/detail.html: 0
[2020-04-23 01:50:36] EDIT commons/views/divisions/detail.html: 0
[2020-04-23 01:55:52] EDIT commons/views/divisions/detail.html: 0
[2020-04-23 01:57:15] EDIT commons/views/divisions/detail.html: 0
[2020-04-23 01:59:47] EDIT commons/controllers/divisions.py: 0
[2020-04-23 02:00:01] EDIT commons/views/divisions/detail.html: 0
[2020-04-23 02:00:31] EDIT commons/views/divisions/detail.html: 0
[2020-04-23 02:00:44] EDIT commons/views/divisions/detail.html: 1
[2020-04-23 02:00:50] EDIT commons/views/divisions/detail.html: 0
[2020-04-23 02:00:52] EDIT commons/controllers/divisions.py: 0
[2020-04-23 02:01:17] EDIT commons/views/divisions/detail.html: 0
[2020-04-23 02:01:49] EDIT commons/controllers/divisions.py: 0
[2020-04-23 02:02:03] EDIT commons/controllers/divisions.py: 0
[2020-04-23 02:02:46] EDIT commons/views/divisions/detail.html: -7
[2020-04-23 02:03:40] EDIT commons/views/divisions/detail.html: 7
[2020-04-23 02:03:47] EDIT commons/views/divisions/detail.html: -1
[2020-04-23 02:04:32] EDIT commons/views/divisions/detail.html: 4
[2020-04-23 02:07:25] EDIT commons/views/divisions/detail.html: 0
[2020-04-23 02:07:45] EDIT commons/views/divisions/liste.html: 0
[2020-04-23 02:10:24] EDIT commons/controllers/divisions.py: 1
[2020-04-23 02:14:19] EDIT commons/models/db.py: 0
[2020-04-23 02:14:30] EDIT commons/controllers/divisions.py: -1
[2020-04-23 02:14:47] EDIT commons/models/db.py: 0
[2020-04-23 02:14:57] EDIT commons/models/db.py: 0
[2020-04-23 02:15:04] EDIT commons/models/db.py: 0
[2020-04-23 02:22:39] EDIT commons/controllers/divisions.py: 1
[2020-04-23 02:22:44] EDIT commons/controllers/divisions.py: 0
[2020-04-23 02:24:16] EDIT commons/controllers/divisions.py: -1
[2020-04-23 02:24:39] EDIT commons/controllers/divisions.py: 0
[2020-04-23 02:25:01] EDIT commons/controllers/divisions.py: 0
[2020-04-27 18:36:35] EDIT commons/views/accueil/index.html: 5
[2020-04-27 18:37:58] EDIT commons/views/membres/liste.html: 6
[2020-04-27 18:38:18] EDIT commons/views/membres/liste.html: -5
[2020-04-27 18:38:35] EDIT commons/views/divisions/liste.html: 1
[2020-04-27 18:39:57] EDIT commons/views/divisions/detail.html: 7
[2020-04-27 18:40:10] EDIT commons/views/divisions/detail.html: -5
[2020-04-27 18:40:46] EDIT commons/views/membres/detail.html: 2
[2020-04-27 18:41:33] EDIT commons/views/divisions/new.html: 2
[2020-04-27 18:41:45] EDIT commons/views/divisions/new.html: 0
[2020-04-27 18:50:22] EDIT commons/views/membres/liste.html: 0
[2020-04-27 18:50:37] EDIT commons/views/membres/liste.html: 0
[2020-04-27 18:51:20] EDIT commons/static/custom.css: -2
[2020-04-27 18:51:44] EDIT commons/views/membres/liste.html: 0
[2020-04-27 18:52:34] EDIT commons/static/custom.css: 3
[2020-04-27 18:53:27] EDIT commons/static/custom.css: 3
[2020-04-27 19:02:42] EDIT commons/views/membres/liste.html: 3
[2020-04-27 19:03:13] EDIT commons/static/custom.css: 1
[2020-04-27 19:03:39] EDIT commons/static/custom.css: 1
[2020-04-27 19:03:49] EDIT commons/static/custom.css: 0
[2020-04-27 19:03:56] EDIT commons/static/custom.css: 0
[2020-04-27 19:05:55] EDIT commons/static/custom.css: 1
[2020-04-27 19:06:19] EDIT commons/static/custom.css: 1
[2020-04-27 19:06:30] EDIT commons/static/custom.css: 0
[2020-04-27 19:07:06] EDIT commons/static/custom.css: 1
[2020-04-27 19:07:21] EDIT commons/static/custom.css: 0
[2020-04-27 19:07:23] EDIT commons/static/custom.css: 0
[2020-04-27 19:07:30] EDIT commons/static/custom.css: 0
[2020-04-27 19:08:07] EDIT commons/views/membres/liste.html: 1
[2020-04-27 19:08:29] EDIT commons/views/membres/liste.html: 0
[2020-04-27 19:08:54] EDIT commons/static/custom.css: 3
[2020-04-27 19:09:15] EDIT commons/static/custom.css: 0
[2020-04-27 19:09:34] EDIT commons/static/custom.css: 0
[2020-04-27 19:09:52] EDIT commons/static/custom.css: 0
[2020-04-27 19:10:00] EDIT commons/static/custom.css: 0
[2020-04-27 19:10:15] EDIT commons/static/custom.css: 0
[2020-04-27 19:10:22] EDIT commons/static/custom.css: 0
[2020-04-27 19:10:46] EDIT commons/static/custom.css: 1
[2020-04-27 19:10:55] EDIT commons/static/custom.css: 1
[2020-04-27 19:11:04] EDIT commons/static/custom.css: 0
[2020-04-27 19:11:13] EDIT commons/static/custom.css: 0
[2020-04-27 19:11:32] EDIT commons/static/custom.css: 0
[2020-04-27 19:11:47] EDIT commons/static/custom.css: 1
[2020-04-27 19:11:55] EDIT commons/static/custom.css: 0
[2020-04-27 19:12:03] EDIT commons/static/custom.css: 0
[2020-04-27 19:12:12] EDIT commons/static/custom.css: 0
[2020-04-27 19:12:18] EDIT commons/static/custom.css: 0
[2020-04-27 19:12:31] EDIT commons/static/custom.css: 1
[2020-04-27 19:13:15] EDIT commons/static/custom.css: 3
[2020-04-27 19:13:32] EDIT commons/static/custom.css: 0
[2020-04-27 19:14:01] EDIT commons/static/custom.css: 1
[2020-04-27 19:14:36] EDIT commons/static/custom.css: 2
[2020-04-27 19:14:57] EDIT commons/static/custom.css: 1
[2020-04-27 19:15:11] EDIT commons/static/custom.css: 0
[2020-04-27 19:15:39] EDIT commons/static/custom.css: 1
[2020-04-27 19:16:11] EDIT commons/views/membres/liste.html: 0
[2020-04-27 19:18:46] EDIT commons/static/custom.css: 0
[2020-04-27 19:19:39] EDIT commons/static/custom.css: -1
[2020-04-27 19:19:57] EDIT commons/static/custom.css: 0
[2020-04-27 19:20:13] EDIT commons/static/custom.css: 0
[2020-04-27 19:20:26] EDIT commons/static/custom.css: 1
[2020-04-27 19:22:05] EDIT commons/static/custom.css: 1
[2020-04-27 19:22:31] EDIT commons/static/custom.css: 3
[2020-04-27 19:22:40] EDIT commons/static/custom.css: 0
[2020-04-27 19:22:55] EDIT commons/static/custom.css: 0
[2020-04-28 15:07:55] EDIT commons/controllers/divisions.py: 3
[2020-05-02 16:49:39] EDIT commons/views/divisions/detail.html: 12
[2020-05-02 16:49:44] EDIT commons/views/divisions/detail.html: 0
[2020-05-02 16:49:58] EDIT commons/views/divisions/detail.html: 0
[2020-05-02 16:50:09] EDIT commons/views/divisions/detail.html: 0
[2020-05-02 16:53:09] EDIT commons/views/divisions/detail.html: 2
[2020-05-02 17:01:06] EDIT commons/views/divisions/detail.html: 4
[2020-05-02 17:01:56] EDIT commons/views/divisions/detail.html: 0
[2020-05-02 17:02:09] EDIT commons/views/divisions/detail.html: 0
[2020-05-02 17:02:52] EDIT commons/views/divisions/detail.html: 0
[2020-05-02 17:03:07] EDIT commons/views/divisions/detail.html: 0
[2020-05-02 17:10:28] EDIT commons/static/custom.css: 3
[2020-05-02 17:10:42] EDIT commons/views/divisions/detail.html: 0
[2020-05-02 17:10:56] EDIT commons/static/custom.css: 0
[2020-05-02 17:11:07] EDIT commons/static/custom.css: 1
[2020-05-02 17:11:15] EDIT commons/static/custom.css: 1
[2020-05-02 17:11:23] EDIT commons/static/custom.css: 0
[2020-05-02 17:11:50] EDIT commons/views/divisions/detail.html: 0
[2020-05-02 17:11:51] EDIT commons/views/divisions/detail.html: 0
[2020-05-02 17:12:10] EDIT commons/views/divisions/detail.html: -2
[2020-05-02 17:13:20] EDIT commons/views/divisions/detail.html: 8
[2020-05-02 17:16:24] EDIT commons/views/divisions/detail.html: 0
[2020-05-02 17:16:31] EDIT commons/views/divisions/detail.html: 0
[2020-05-02 17:16:44] EDIT commons/views/divisions/detail.html: 0
[2020-05-02 17:16:58] EDIT commons/views/divisions/detail.html: 0
[2020-05-02 17:18:31] EDIT commons/views/divisions/detail.html: 0
[2020-05-02 17:19:53] EDIT commons/views/divisions/detail.html: 0
[2020-05-02 17:20:23] EDIT commons/static/custom.css: 0
[2020-05-02 17:22:13] EDIT commons/static/custom.css: 3
[2020-05-02 17:22:21] EDIT commons/static/custom.css: 0
[2020-05-02 17:22:29] EDIT commons/static/custom.css: 1
[2020-05-02 17:23:12] EDIT commons/views/divisions/detail.html: 0
[2020-05-02 17:23:27] EDIT commons/static/custom.css: 3
[2020-05-02 17:23:47] EDIT commons/views/divisions/detail.html: 0
[2020-05-02 17:24:24] EDIT commons/views/divisions/detail.html: 0
[2020-05-02 17:25:33] EDIT commons/static/custom.css: 3
[2020-05-02 17:26:04] EDIT commons/static/custom.css: 1
[2020-05-02 17:26:15] EDIT commons/static/custom.css: 0
[2020-05-02 17:26:38] EDIT commons/views/divisions/detail.html: 0
[2020-05-02 17:26:48] EDIT commons/static/custom.css: 0
[2020-05-02 17:26:55] EDIT commons/static/custom.css: 0
[2020-05-02 17:27:32] EDIT commons/static/custom.css: 1
[2020-05-02 17:27:39] EDIT commons/static/custom.css: 0
[2020-05-02 17:27:46] EDIT commons/static/custom.css: -2
[2020-05-02 17:27:57] EDIT commons/static/custom.css: 1
[2020-05-02 17:28:03] EDIT commons/static/custom.css: 0
[2020-05-02 17:28:18] EDIT commons/static/custom.css: 0
[2020-05-02 17:28:39] EDIT commons/views/divisions/detail.html: 0
[2020-05-02 17:28:50] EDIT commons/views/divisions/detail.html: 0
[2020-05-02 17:29:18] EDIT commons/static/custom.css: 1
[2020-05-02 17:29:29] EDIT commons/static/custom.css: 0
[2020-05-02 17:29:42] EDIT commons/static/custom.css: 0
[2020-05-02 17:31:13] EDIT commons/static/custom.css: 2
[2020-05-02 17:31:36] EDIT commons/static/custom.css: 0
[2020-05-02 17:31:48] EDIT commons/static/custom.css: 0
[2020-05-02 17:32:12] EDIT commons/static/custom.css: -1
[2020-05-02 17:32:57] EDIT commons/static/custom.css: -3
[2020-05-02 17:33:10] EDIT commons/views/divisions/detail.html: 0
[2020-05-02 17:33:27] EDIT commons/static/custom.css: 0
[2020-05-02 17:38:18] EDIT commons/static/custom.css: 3
[2020-05-02 17:38:52] EDIT commons/static/custom.css: 2
[2020-05-02 17:39:17] EDIT commons/static/custom.css: 0
[2020-05-02 17:39:24] EDIT commons/static/custom.css: 0
[2020-05-02 17:39:31] EDIT commons/static/custom.css: 0
[2020-05-02 17:39:37] EDIT commons/static/custom.css: 0
[2020-05-02 17:40:05] EDIT commons/static/custom.css: 3
[2020-05-02 17:40:29] EDIT commons/static/custom.css: 1
[2020-05-02 17:40:54] EDIT commons/static/custom.css: 1
[2020-05-02 17:41:23] EDIT commons/static/custom.css: 1
[2020-05-02 17:42:04] EDIT commons/static/custom.css: -1
[2020-05-02 17:42:40] EDIT commons/static/custom.css: 1
[2020-05-02 17:43:02] EDIT commons/static/custom.css: 1
[2020-05-02 17:43:08] EDIT commons/static/custom.css: 0
[2020-05-02 17:43:28] EDIT commons/static/custom.css: 1
[2020-05-02 17:43:45] EDIT commons/static/custom.css: 0
[2020-05-02 17:43:54] EDIT commons/static/custom.css: 0
[2020-05-02 17:44:16] EDIT commons/views/divisions/detail.html: 0
[2020-05-02 17:44:22] EDIT commons/views/divisions/detail.html: 0
[2020-05-02 17:44:29] EDIT commons/static/custom.css: 0
[2020-05-02 17:44:37] EDIT commons/static/custom.css: 0
[2020-05-02 17:45:14] EDIT commons/views/divisions/detail.html: 0
[2020-05-02 17:45:15] EDIT commons/views/divisions/detail.html: 0
[2020-05-02 17:46:38] EDIT commons/static/custom.css: 6
[2020-05-02 17:47:09] EDIT commons/views/divisions/detail.html: 0
[2020-05-02 17:47:17] EDIT commons/static/custom.css: 0
[2020-05-02 17:47:39] EDIT commons/static/custom.css: 2
[2020-05-02 17:48:50] EDIT commons/static/custom.css: 2
[2020-05-02 17:49:04] EDIT commons/static/custom.css: 0
[2020-05-02 17:49:25] EDIT commons/static/custom.css: 1
[2020-05-02 17:49:38] EDIT commons/views/divisions/detail.html: -4
[2020-05-02 17:50:40] EDIT commons/views/divisions/detail.html: -2
[2020-05-02 17:50:54] EDIT commons/views/divisions/detail.html: 0
[2020-05-02 17:54:59] EDIT commons/views/divisions/detail.html: 0
[2020-05-02 17:55:42] EDIT commons/views/divisions/detail.html: 0
[2020-05-07 13:46:19] EDIT commons/static/custom.css: 1
[2020-05-07 13:47:31] EDIT commons/static/custom.css: 1
[2020-05-07 13:48:01] EDIT commons/static/custom.css: 0
[2020-05-07 13:50:00] EDIT commons/static/custom.css: 0
[2020-05-07 14:47:26] EDIT commons/controllers/divisions.py: -1
[2020-05-14 19:04:12] EDIT commons/controllers/membres.py: 1
[2020-05-14 19:06:26] EDIT commons/controllers/membres.py: 1
[2020-05-14 19:10:21] EDIT commons/controllers/divisions.py: 7
[2020-05-14 19:10:27] EDIT commons/controllers/divisions.py: 0
[2020-05-14 19:14:14] EDIT commons/models/db.py: 8
[2020-05-14 19:15:42] EDIT commons/models/db.py: 1
[2020-05-14 19:20:58] EDIT commons/controllers/divisions.py: 0
[2020-05-14 19:21:10] EDIT commons/controllers/divisions.py: 0
[2020-05-14 19:21:42] EDIT commons/controllers/divisions.py: 0
[2020-05-14 19:22:52] EDIT commons/controllers/divisions.py: 0
[2020-05-14 19:26:44] EDIT commons/controllers/divisions.py: 0
[2020-05-14 19:27:43] EDIT commons/views/divisions/new.html: 1
[2020-05-14 19:28:41] EDIT commons/views/divisions/new.html: 2
[2020-05-14 19:29:37] EDIT commons/views/divisions/new.html: 0
[2020-05-14 19:31:51] EDIT commons/views/divisions/new.html: -3
[2020-05-14 19:32:34] EDIT commons/controllers/divisions.py: 0
[2020-05-14 19:32:41] EDIT commons/controllers/divisions.py: 0
[2020-05-14 19:33:19] EDIT commons/controllers/divisions.py: 0
[2020-05-14 19:33:48] EDIT commons/controllers/divisions.py: 0
[2020-05-14 19:34:08] EDIT commons/controllers/divisions.py: 0
[2020-05-14 19:34:42] EDIT commons/views/divisions/new.html: 2
[2020-05-14 19:35:43] EDIT commons/static/custom.css: 7
[2020-05-14 19:36:17] EDIT commons/static/custom.css: 1
[2020-05-14 19:36:45] EDIT commons/static/custom.css: 2
[2020-05-14 19:36:57] EDIT commons/static/custom.css: 0
[2020-05-14 19:37:04] EDIT commons/static/custom.css: 1
[2020-05-14 19:37:28] EDIT commons/static/custom.css: -1
[2020-05-14 19:37:47] EDIT commons/controllers/divisions.py: 0
[2020-05-14 19:37:52] EDIT commons/static/custom.css: -2
[2020-05-14 19:39:07] EDIT commons/controllers/divisions.py: 0
[2020-05-14 19:39:09] EDIT commons/static/custom.css: 0
[2020-05-14 19:39:16] EDIT commons/static/custom.css: -2
[2020-05-14 19:39:23] EDIT commons/views/divisions/new.html: -2
[2020-05-14 19:39:43] EDIT commons/views/divisions/detail.html: 0
