timestamp: 2020-04-24T21:27:22.751000
CREATE TABLE "auth_user"(
    "id" INTEGER PRIMARY KEY AUTOINCREMENT,
    "first_name" CHAR(128),
    "last_name" CHAR(128),
    "email" CHAR(512),
    "password" CHAR(512),
    "registration_key" CHAR(512),
    "reset_password_key" CHAR(512),
    "registration_id" CHAR(512)
);
success!
timestamp: 2020-04-24T21:27:22.847000
CREATE TABLE "auth_group"(
    "id" INTEGER PRIMARY KEY AUTOINCREMENT,
    "role" CHAR(512),
    "description" TEXT
);
success!
timestamp: 2020-04-24T21:27:22.920000
CREATE TABLE "auth_membership"(
    "id" INTEGER PRIMARY KEY AUTOINCREMENT,
    "user_id" INTEGER REFERENCES "auth_user" ("id") ON DELETE CASCADE  ,
    "group_id" INTEGER REFERENCES "auth_group" ("id") ON DELETE CASCADE  
);
success!
timestamp: 2020-04-24T21:27:23.003000
CREATE TABLE "auth_permission"(
    "id" INTEGER PRIMARY KEY AUTOINCREMENT,
    "group_id" INTEGER REFERENCES "auth_group" ("id") ON DELETE CASCADE  ,
    "name" CHAR(512),
    "table_name" CHAR(512),
    "record_id" INTEGER
);
success!
timestamp: 2020-04-24T21:27:23.083000
CREATE TABLE "auth_event"(
    "id" INTEGER PRIMARY KEY AUTOINCREMENT,
    "time_stamp" TIMESTAMP,
    "client_ip" CHAR(512),
    "user_id" INTEGER REFERENCES "auth_user" ("id") ON DELETE CASCADE  ,
    "origin" CHAR(512),
    "description" TEXT
);
success!
timestamp: 2020-04-24T21:27:23.194000
CREATE TABLE "auth_cas"(
    "id" INTEGER PRIMARY KEY AUTOINCREMENT,
    "user_id" INTEGER REFERENCES "auth_user" ("id") ON DELETE CASCADE  ,
    "created_on" TIMESTAMP,
    "service" CHAR(512),
    "ticket" CHAR(512),
    "renew" CHAR(1)
);
success!
timestamp: 2020-04-24T21:27:23.318000
CREATE TABLE "members"(
    "id" INTEGER PRIMARY KEY AUTOINCREMENT,
    "firstname" CHAR(512),
    "surname" CHAR(512)
);
success!
timestamp: 2020-04-24T21:27:23.379000
CREATE TABLE "divisions"(
    "id" INTEGER PRIMARY KEY AUTOINCREMENT,
    "numero" INTEGER,
    "question" CHAR(512),
    "date_div" DATE
);
success!
timestamp: 2020-04-24T21:27:23.458000
CREATE TABLE "votes"(
    "id" INTEGER PRIMARY KEY AUTOINCREMENT,
    "id_member" INTEGER REFERENCES "members" ("id") ON DELETE CASCADE  ,
    "id_division" INTEGER REFERENCES "divisions" ("id") ON DELETE CASCADE  ,
    "vote" CHAR(512),
    "affiliation" CHAR(512)
);
success!
